# JRE version: Java(TM) SE Runtime Environment (8.0_40-b27) (build 1.8.0_40-b27)
# Java VM: Java HotSpot(TM) 64-Bit Server VM (25.40-b25 mixed mode bsd-amd64 compressed oops)
Heap:
 PSYoungGen      total 670720K, used 399310K [0x000000076ab00000, 0x000000079fa80000, 0x00000007c0000000)
  eden space 614912K, 64% used [0x000000076ab00000,0x00000007830f3bd0,0x0000000790380000)
  from space 55808K, 0% used [0x0000000790380000,0x0000000790380000,0x0000000793a00000)
  to   space 58880K, 0% used [0x000000079c100000,0x000000079c100000,0x000000079fa80000)
 ParOldGen       total 438272K, used 83233K [0x00000006c0000000, 0x00000006dac00000, 0x000000076ab00000)
  object space 438272K, 18% used [0x00000006c0000000,0x00000006c51484d8,0x00000006dac00000)
 Metaspace       used 177392K, capacity 179866K, committed 180416K, reserved 1206272K
  class space    used 22786K, capacity 23418K, committed 23528K, reserved 1048576K
GC Heap History (10 events):
Event: 19.937 GC heap before
{Heap before GC invocations=20 (full 4):
 PSYoungGen      total 491008K, used 479175K [0x000000076ab00000, 0x0000000790c00000, 0x00000007c0000000)
  eden space 455680K, 100% used [0x000000076ab00000,0x0000000786800000,0x0000000786800000)
  from space 35328K, 66% used [0x0000000786800000,0x0000000787ef1fe8,0x0000000788a80000)
  to   space 35840K, 0% used [0x000000078e900000,0x000000078e900000,0x0000000790c00000)
 ParOldGen       total 351744K, used 51707K [0x00000006c0000000, 0x00000006d5780000, 0x000000076ab00000)
  object space 351744K, 14% used [0x00000006c0000000,0x00000006c327ec58,0x00000006d5780000)
 Metaspace       used 124953K, capacity 126782K, committed 127320K, reserved 1161216K
  class space    used 16008K, capacity 16478K, committed 16512K, reserved 1048576K
Event: 19.964 GC heap after
Heap after GC invocations=20 (full 4):
 PSYoungGen      total 583680K, used 33734K [0x000000076ab00000, 0x0000000791180000, 0x00000007c0000000)
  eden space 547840K, 0% used [0x000000076ab00000,0x000000076ab00000,0x000000078c200000)
  from space 35840K, 94% used [0x000000078e900000,0x00000007909f1988,0x0000000790c00000)
  to   space 39936K, 0% used [0x000000078c200000,0x000000078c200000,0x000000078e900000)
 ParOldGen       total 351744K, used 51715K [0x00000006c0000000, 0x00000006d5780000, 0x000000076ab00000)
  object space 351744K, 14% used [0x00000006c0000000,0x00000006c3280c58,0x00000006d5780000)
 Metaspace       used 124953K, capacity 126782K, committed 127320K, reserved 1161216K
  class space    used 16008K, capacity 16478K, committed 16512K, reserved 1048576K
}
Event: 22.676 GC heap before
{Heap before GC invocations=21 (full 4):
 PSYoungGen      total 583680K, used 581574K [0x000000076ab00000, 0x0000000791180000, 0x00000007c0000000)
  eden space 547840K, 100% used [0x000000076ab00000,0x000000078c200000,0x000000078c200000)
  from space 35840K, 94% used [0x000000078e900000,0x00000007909f1988,0x0000000790c00000)
  to   space 39936K, 0% used [0x000000078c200000,0x000000078c200000,0x000000078e900000)
 ParOldGen       total 351744K, used 51715K [0x00000006c0000000, 0x00000006d5780000, 0x000000076ab00000)
  object space 351744K, 14% used [0x00000006c0000000,0x00000006c3280c58,0x00000006d5780000)
 Metaspace       used 141754K, capacity 143742K, committed 144472K, reserved 1175552K
  class space    used 18203K, capacity 18745K, committed 18816K, reserved 1048576K
Event: 22.712 GC heap after
Heap after GC invocations=21 (full 4):
 PSYoungGen      total 587776K, used 39923K [0x000000076ab00000, 0x0000000796880000, 0x00000007c0000000)
  eden space 547840K, 0% used [0x000000076ab00000,0x000000076ab00000,0x000000078c200000)
  from space 39936K, 99% used [0x000000078c200000,0x000000078e8fcee0,0x000000078e900000)
  to   space 47616K, 0% used [0x0000000793a00000,0x0000000793a00000,0x0000000796880000)
 ParOldGen       total 351744K, used 57020K [0x00000006c0000000, 0x00000006d5780000, 0x000000076ab00000)
  object space 351744K, 16% used [0x00000006c0000000,0x00000006c37af220,0x00000006d5780000)
 Metaspace       used 141754K, capacity 143742K, committed 144472K, reserved 1175552K
  class space    used 18203K, capacity 18745K, committed 18816K, reserved 1048576K
}
Event: 26.844 GC heap before
{Heap before GC invocations=22 (full 4):
 PSYoungGen      total 587776K, used 587763K [0x000000076ab00000, 0x0000000796880000, 0x00000007c0000000)
  eden space 547840K, 100% used [0x000000076ab00000,0x000000078c200000,0x000000078c200000)
  from space 39936K, 99% used [0x000000078c200000,0x000000078e8fcee0,0x000000078e900000)
  to   space 47616K, 0% used [0x0000000793a00000,0x0000000793a00000,0x0000000796880000)
 ParOldGen       total 351744K, used 57020K [0x00000006c0000000, 0x00000006d5780000, 0x000000076ab00000)
  object space 351744K, 16% used [0x00000006c0000000,0x00000006c37af220,0x00000006d5780000)
 Metaspace       used 156587K, capacity 158952K, committed 159576K, reserved 1187840K
  class space    used 20139K, capacity 20774K, committed 20864K, reserved 1048576K
Event: 26.902 GC heap after
Heap after GC invocations=22 (full 4):
 PSYoungGen      total 662528K, used 47610K [0x000000076ab00000, 0x0000000797900000, 0x00000007c0000000)
  eden space 614912K, 0% used [0x000000076ab00000,0x000000076ab00000,0x0000000790380000)
  from space 47616K, 99% used [0x0000000793a00000,0x000000079687e8a0,0x0000000796880000)
  to   space 55808K, 0% used [0x0000000790380000,0x0000000790380000,0x0000000793a00000)
 ParOldGen       total 351744K, used 60846K [0x00000006c0000000, 0x00000006d5780000, 0x000000076ab00000)
  object space 351744K, 17% used [0x00000006c0000000,0x00000006c3b6b8c0,0x00000006d5780000)
 Metaspace       used 156587K, capacity 158952K, committed 159576K, reserved 1187840K
  class space    used 20139K, capacity 20774K, committed 20864K, reserved 1048576K
}
Event: 27.413 GC heap before
{Heap before GC invocations=23 (full 4):
 PSYoungGen      total 662528K, used 121732K [0x000000076ab00000, 0x0000000797900000, 0x00000007c0000000)
  eden space 614912K, 12% used [0x000000076ab00000,0x000000076f362870,0x0000000790380000)
  from space 47616K, 99% used [0x0000000793a00000,0x000000079687e8a0,0x0000000796880000)
  to   space 55808K, 0% used [0x0000000790380000,0x0000000790380000,0x0000000793a00000)
 ParOldGen       total 351744K, used 60846K [0x00000006c0000000, 0x00000006d5780000, 0x000000076ab00000)
  object space 351744K, 17% used [0x00000006c0000000,0x00000006c3b6b8c0,0x00000006d5780000)
 Metaspace       used 160875K, capacity 163248K, committed 163776K, reserved 1191936K
  class space    used 20728K, capacity 21393K, committed 21480K, reserved 1048576K
Event: 27.461 GC heap after
Heap after GC invocations=23 (full 4):
 PSYoungGen      total 670720K, used 41064K [0x000000076ab00000, 0x000000079fa80000, 0x00000007c0000000)
  eden space 614912K, 0% used [0x000000076ab00000,0x000000076ab00000,0x0000000790380000)
  from space 55808K, 73% used [0x0000000790380000,0x0000000792b9a080,0x0000000793a00000)
  to   space 58880K, 0% used [0x000000079c100000,0x000000079c100000,0x000000079fa80000)
 ParOldGen       total 351744K, used 60854K [0x00000006c0000000, 0x00000006d5780000, 0x000000076ab00000)
  object space 351744K, 17% used [0x00000006c0000000,0x00000006c3b6d8c0,0x00000006d5780000)
 Metaspace       used 160875K, capacity 163248K, committed 163776K, reserved 1191936K
  class space    used 20728K, capacity 21393K, committed 21480K, reserved 1048576K
}
Event: 27.461 GC heap before
{Heap before GC invocations=24 (full 5):
 PSYoungGen      total 670720K, used 41064K [0x000000076ab00000, 0x000000079fa80000, 0x00000007c0000000)
  eden space 614912K, 0% used [0x000000076ab00000,0x000000076ab00000,0x0000000790380000)
  from space 55808K, 73% used [0x0000000790380000,0x0000000792b9a080,0x0000000793a00000)
  to   space 58880K, 0% used [0x000000079c100000,0x000000079c100000,0x000000079fa80000)
 ParOldGen       total 351744K, used 60854K [0x00000006c0000000, 0x00000006d5780000, 0x000000076ab00000)
  object space 351744K, 17% used [0x00000006c0000000,0x00000006c3b6d8c0,0x00000006d5780000)
 Metaspace       used 160875K, capacity 163248K, committed 163776K, reserved 1191936K
  class space    used 20728K, capacity 21393K, committed 21480K, reserved 1048576K
Event: 27.728 GC heap after
Heap after GC invocations=24 (full 5):
 PSYoungGen      total 670720K, used 0K [0x000000076ab00000, 0x000000079fa80000, 0x00000007c0000000)
  eden space 614912K, 0% used [0x000000076ab00000,0x000000076ab00000,0x0000000790380000)
  from space 55808K, 0% used [0x0000000790380000,0x0000000790380000,0x0000000793a00000)
  to   space 58880K, 0% used [0x000000079c100000,0x000000079c100000,0x000000079fa80000)
 ParOldGen       total 438272K, used 83233K [0x00000006c0000000, 0x00000006dac00000, 0x000000076ab00000)
  object space 438272K, 18% used [0x00000006c0000000,0x00000006c51484d8,0x00000006dac00000)
 Metaspace       used 160870K, capacity 163236K, committed 163776K, reserved 1191936K
  class space    used 20727K, capacity 21389K, committed 21480K, reserved 1048576K
}

